2018-01-18 19:33:10,439 [main] INFO  com.jiva.testcases.ZUflow - Testing
2018-01-18 20:29:59,357 [main] INFO  com.jiva.testcases.ZUflow - Execution startedverify_AddCMEpisodetoMember
2018-01-18 20:31:46,063 [main] INFO  com.jiva.testcases.ZUflow - Execution startedverify_AddCMEpisodetoMember
2018-01-18 20:33:35,337 [main] INFO  com.jiva.testcases.ZUflow - Execution startedverify_AddCMEpisodetoMember
2018-01-18 20:35:27,595 [main] INFO  com.jiva.testcases.ZUflow - Execution startedverify_AddCMEpisodetoMember
2018-01-18 20:37:23,134 [main] INFO  com.jiva.testcases.ZUflow - Execution startedverify_AddCMEpisodetoMember
2018-01-18 20:39:44,078 [main] INFO  com.jiva.testcases.ZUflow - Execution startedverify_AddCMEpisodetoMember
2018-01-18 20:43:01,548 [main] INFO  com.jiva.testcases.ZUflow - Execution startedverify_AddCMEpisodetoMember
2018-01-18 20:45:27,151 [main] INFO  com.jiva.testcases.ZUflow - User Profile Name is Jayavarapu, Vineela
2018-01-18 20:45:27,151 [main] INFO  com.jiva.testcases.ZUflow - Last name Jayavarapu
2018-01-18 20:45:27,151 [main] INFO  com.jiva.testcases.ZUflow - First name  Vineela
2018-01-18 20:45:37,604 [main] INFO  com.jiva.testcases.ZUflow - User Profile Name is Jayavarapu, Vineela
2018-01-18 20:45:37,604 [main] INFO  com.jiva.testcases.ZUflow - Member Last name Jayavarapu
2018-01-18 20:45:37,604 [main] INFO  com.jiva.testcases.ZUflow - Member First name  Vineela
2018-01-18 20:50:31,236 [main] INFO  com.jiva.testcases.ZUflow - Execution startedverify_AddCMEpisodetoMember
2018-01-18 20:54:08,549 [main] INFO  com.jiva.testcases.ZUflow - User Profile Name is Jayavarapu, Vineela
2018-01-18 20:54:08,549 [main] INFO  com.jiva.testcases.ZUflow - Last name Jayavarapu
2018-01-18 20:54:08,549 [main] INFO  com.jiva.testcases.ZUflow - First name  Vineela
2018-01-18 20:54:19,350 [main] INFO  com.jiva.testcases.ZUflow - User Profile Name is Jayavarapu, Vineela
2018-01-18 20:54:19,354 [main] INFO  com.jiva.testcases.ZUflow - Member Last name Jayavarapu
2018-01-18 20:54:19,354 [main] INFO  com.jiva.testcases.ZUflow - Member First name  Vineela
2018-01-18 20:57:34,236 [main] INFO  com.jiva.testcases.ZUflow - Execution startedverify_AddCMEpisodetoMember
2018-01-18 21:01:21,343 [main] INFO  com.jiva.testcases.ZUflow - User Profile Name is Jayavarapu, Vineela
2018-01-18 21:01:23,015 [main] INFO  com.jiva.testcases.ZUflow - Last name Jayavarapu
2018-01-18 21:01:23,868 [main] INFO  com.jiva.testcases.ZUflow - First name  Vineela
2018-01-18 21:01:37,696 [main] INFO  com.jiva.testcases.ZUflow - Member Profile Name is Jayavarapu, Vineela
2018-01-18 21:03:19,271 [main] INFO  com.jiva.testcases.ZUflow - Execution startedverify_AddCMEpisodetoMember
2018-01-18 21:06:22,991 [main] INFO  com.jiva.testcases.ZUflow - User Profile Name is Jayavarapu, Vineela
2018-01-18 21:06:24,709 [main] INFO  com.jiva.testcases.ZUflow - Last name Jayavarapu
2018-01-18 21:06:25,626 [main] INFO  com.jiva.testcases.ZUflow - First name  Vineela
2018-01-18 21:06:39,641 [main] INFO  com.jiva.testcases.ZUflow - Member Full Name is Armstrong, Danny
2018-01-18 21:06:42,180 [main] INFO  com.jiva.testcases.ZUflow - Member Last name Armstrong
2018-01-18 21:06:43,103 [main] INFO  com.jiva.testcases.ZUflow - Member First name  Danny
2018-01-18 21:13:40,434 [main] INFO  com.jiva.testcases.ZUflow - Execution startedverify_AddCMEpisodetoMember
2018-01-18 21:42:50,641 [main] INFO  com.jiva.testcases.ZUflow - Execution startedverify_AddCMEpisodetoMember
2018-01-18 21:46:04,820 [main] INFO  com.jiva.testcases.ZUflow - Execution startedverify_AddCMEpisodetoMember
