2018-02-10 23:28:45,002 [main] INFO  com.jivaUAT2.testcases.Flow1 - Member Demographic File Data [000000275^EHI0NA, 000000275, Moore, Maggie, 1929-12-15, Y, F]
2018-02-10 23:28:45,054 [main] INFO  com.jivaUAT2.testcases.Flow1 - Member Address File Data [000000275^EHI0NA, Home, 7428 Stanford Ave., Saint Louis, MO, 63130, USA, 000000275^EHI0NA, Primary, 7428 Stanford Ave., Saint Louis, MO, 63130, USA]
2018-02-10 23:28:45,057 [main] INFO  com.jivaUAT2.testcases.Flow1 - Member Phone File Data [000000275^EHI0NA, 3148624690]
2018-02-10 23:28:45,097 [main] INFO  com.jivaUAT2.testcases.Flow1 - Member Coverage File Data [000000275^EHI0NA, 000000275^EHI0NA, 000000275^EHI0NA, 000000275^EHI0NA, 000000275^EHI0NA, 000000275^EHI0NA]
2018-02-10 23:28:45,098 [main] INFO  com.jivaUAT2.testcases.Flow1 - Execution started for--- verify_MemberActiveStatus
2018-02-10 23:28:59,087 [main] INFO  com.jivaUAT2.testcases.Flow1 - User Profile Name is Jayavarapu, Vineela
2018-02-10 23:28:59,088 [main] INFO  com.jivaUAT2.testcases.Flow1 - User Last name Jayavarapu
2018-02-10 23:28:59,088 [main] INFO  com.jivaUAT2.testcases.Flow1 - User First name  Vineela
2018-02-10 23:28:59,088 [main] INFO  com.jivaUAT2.testcases.Flow1 - Member Last name Moore
2018-02-10 23:28:59,088 [main] INFO  com.jivaUAT2.testcases.Flow1 - Member First name Maggie
2018-02-10 23:30:16,770 [main] INFO  com.jivaUAT2.testcases.Flow1 - Verifying the flow for the Client : EHI
2018-02-10 23:30:16,841 [main] INFO  com.jiva.pages.MemberOverviewPage - 000000275^EHI0NA
2018-02-10 23:30:16,923 [main] INFO  com.jiva.pages.MemberOverviewPage - 000000275^EHI0NA
2018-02-10 23:30:16,981 [main] INFO  com.jiva.pages.MemberOverviewPage - 000000275^EHI0NA
2018-02-10 23:30:17,069 [main] INFO  com.jiva.pages.MemberOverviewPage - 000000275^EHI0NA
2018-02-10 23:30:22,458 [main] INFO  com.jivaUAT2.testcases.Flow1 - Member DOB on screen 12/15/1929
2018-02-10 23:30:22,494 [main] INFO  com.jivaUAT2.testcases.Flow1 - Member DOB on screen changed to File format 1929-12-15
2018-02-10 23:30:48,831 [main] INFO  com.framework.utils.WebElements - Alert Clicked
2018-02-10 23:37:03,214 [main] INFO  com.jivaUAT2.testcases.Flow1 - Member Demographic File Data [000000275^EHI0NA, 000000275, Moore, Maggie, 1929-12-15, Y, F]
2018-02-10 23:37:03,264 [main] INFO  com.jivaUAT2.testcases.Flow1 - Member Address File Data [000000275^EHI0NA, Home, 7428 Stanford Ave., Saint Louis, MO, 63130, USA, 000000275^EHI0NA, Primary, 7428 Stanford Ave., Saint Louis, MO, 63130, USA]
2018-02-10 23:37:03,268 [main] INFO  com.jivaUAT2.testcases.Flow1 - Member Phone File Data [000000275^EHI0NA, 3148624690]
2018-02-10 23:37:03,306 [main] INFO  com.jivaUAT2.testcases.Flow1 - Member Coverage File Data [000000275^EHI0NA, 000000275^EHI0NA, 000000275^EHI0NA, 000000275^EHI0NA, 000000275^EHI0NA, 000000275^EHI0NA]
2018-02-10 23:37:03,307 [main] INFO  com.jivaUAT2.testcases.Flow1 - Execution started for--- verify_MemberActiveStatus
2018-02-10 23:37:17,381 [main] INFO  com.jivaUAT2.testcases.Flow1 - User Profile Name is Jayavarapu, Vineela
2018-02-10 23:37:17,381 [main] INFO  com.jivaUAT2.testcases.Flow1 - User Last name Jayavarapu
2018-02-10 23:37:17,381 [main] INFO  com.jivaUAT2.testcases.Flow1 - User First name  Vineela
2018-02-10 23:37:17,381 [main] INFO  com.jivaUAT2.testcases.Flow1 - Member Last name Moore
2018-02-10 23:37:17,382 [main] INFO  com.jivaUAT2.testcases.Flow1 - Member First name Maggie
2018-02-10 23:38:25,333 [main] INFO  com.jivaUAT2.testcases.Flow1 - Verifying the flow for the Client : EHI
2018-02-10 23:38:25,397 [main] INFO  com.jiva.pages.MemberOverviewPage - 000000275^EHI0NA
2018-02-10 23:38:25,453 [main] INFO  com.jiva.pages.MemberOverviewPage - 000000275^EHI0NA
2018-02-10 23:38:25,500 [main] INFO  com.jiva.pages.MemberOverviewPage - 000000275^EHI0NA
2018-02-10 23:38:25,642 [main] INFO  com.jiva.pages.MemberOverviewPage - 000000275^EHI0NA
2018-02-10 23:38:31,050 [main] INFO  com.jivaUAT2.testcases.Flow1 - Member DOB on screen 12/15/1929
2018-02-10 23:38:31,086 [main] INFO  com.jivaUAT2.testcases.Flow1 - Member DOB on screen changed to File format 1929-12-15
2018-02-10 23:39:53,452 [main] INFO  com.jivaUAT2.testcases.Flow1 - Member Demographic File Data [000000275^EHI0NA, 000000275, Moore, Maggie, 1929-12-15, Y, F]
2018-02-10 23:39:53,497 [main] INFO  com.jivaUAT2.testcases.Flow1 - Member Address File Data [000000275^EHI0NA, Home, 7428 Stanford Ave., Saint Louis, MO, 63130, USA, 000000275^EHI0NA, Primary, 7428 Stanford Ave., Saint Louis, MO, 63130, USA]
2018-02-10 23:39:53,503 [main] INFO  com.jivaUAT2.testcases.Flow1 - Member Phone File Data [000000275^EHI0NA, 3148624690]
2018-02-10 23:39:53,542 [main] INFO  com.jivaUAT2.testcases.Flow1 - Member Coverage File Data [000000275^EHI0NA, 000000275^EHI0NA, 000000275^EHI0NA, 000000275^EHI0NA, 000000275^EHI0NA, 000000275^EHI0NA]
2018-02-10 23:39:53,543 [main] INFO  com.jivaUAT2.testcases.Flow1 - Execution started for--- verify_MemberActiveStatus
2018-02-10 23:40:08,451 [main] INFO  com.jivaUAT2.testcases.Flow1 - User Profile Name is Jayavarapu, Vineela
2018-02-10 23:40:08,452 [main] INFO  com.jivaUAT2.testcases.Flow1 - User Last name Jayavarapu
2018-02-10 23:40:08,452 [main] INFO  com.jivaUAT2.testcases.Flow1 - User First name  Vineela
2018-02-10 23:40:08,452 [main] INFO  com.jivaUAT2.testcases.Flow1 - Member Last name Moore
2018-02-10 23:40:08,452 [main] INFO  com.jivaUAT2.testcases.Flow1 - Member First name Maggie
2018-02-10 23:41:16,324 [main] INFO  com.jivaUAT2.testcases.Flow1 - Verifying the flow for the Client : EHI
2018-02-10 23:41:16,387 [main] INFO  com.jiva.pages.MemberOverviewPage - 000000275^EHI0NA
2018-02-10 23:41:16,465 [main] INFO  com.jiva.pages.MemberOverviewPage - 000000275^EHI0NA
2018-02-10 23:41:16,543 [main] INFO  com.jiva.pages.MemberOverviewPage - 000000275^EHI0NA
2018-02-10 23:41:16,683 [main] INFO  com.jiva.pages.MemberOverviewPage - 000000275^EHI0NA
2018-02-10 23:41:22,100 [main] INFO  com.jivaUAT2.testcases.Flow1 - Member DOB on screen 12/15/1929
2018-02-10 23:41:22,138 [main] INFO  com.jivaUAT2.testcases.Flow1 - Member DOB on screen changed to File format 1929-12-15
2018-02-10 23:41:48,260 [main] INFO  com.framework.utils.WebElements - Alert Clicked
2018-02-10 23:43:35,295 [main] INFO  com.jivaUAT2.testcases.Flow1 - Member Demographic File Data [000000275^EHI0NA, 000000275, Moore, Maggie, 1929-12-15, Y, F]
2018-02-10 23:43:35,339 [main] INFO  com.jivaUAT2.testcases.Flow1 - Member Address File Data [000000275^EHI0NA, Home, 7428 Stanford Ave., Saint Louis, MO, 63130, USA, 000000275^EHI0NA, Primary, 7428 Stanford Ave., Saint Louis, MO, 63130, USA]
2018-02-10 23:43:35,346 [main] INFO  com.jivaUAT2.testcases.Flow1 - Member Phone File Data [000000275^EHI0NA, 3148624690]
2018-02-10 23:43:35,387 [main] INFO  com.jivaUAT2.testcases.Flow1 - Member Coverage File Data [000000275^EHI0NA, 000000275^EHI0NA, 000000275^EHI0NA, 000000275^EHI0NA, 000000275^EHI0NA, 000000275^EHI0NA]
2018-02-10 23:43:35,388 [main] INFO  com.jivaUAT2.testcases.Flow1 - Execution started for--- verify_MemberActiveStatus
2018-02-10 23:43:49,927 [main] INFO  com.jivaUAT2.testcases.Flow1 - User Profile Name is Jayavarapu, Vineela
2018-02-10 23:43:49,928 [main] INFO  com.jivaUAT2.testcases.Flow1 - User Last name Jayavarapu
2018-02-10 23:43:49,928 [main] INFO  com.jivaUAT2.testcases.Flow1 - User First name  Vineela
2018-02-10 23:43:49,928 [main] INFO  com.jivaUAT2.testcases.Flow1 - Member Last name Moore
2018-02-10 23:43:49,928 [main] INFO  com.jivaUAT2.testcases.Flow1 - Member First name Maggie
2018-02-10 23:44:58,579 [main] INFO  com.jivaUAT2.testcases.Flow1 - Verifying the flow for the Client : EHI
2018-02-10 23:44:58,644 [main] INFO  com.jiva.pages.MemberOverviewPage - 000000275^EHI0NA
2018-02-10 23:44:58,720 [main] INFO  com.jiva.pages.MemberOverviewPage - 000000275^EHI0NA
2018-02-10 23:44:58,800 [main] INFO  com.jiva.pages.MemberOverviewPage - 000000275^EHI0NA
2018-02-10 23:44:58,947 [main] INFO  com.jiva.pages.MemberOverviewPage - 000000275^EHI0NA
2018-02-10 23:45:04,362 [main] INFO  com.jivaUAT2.testcases.Flow1 - Member DOB on screen 12/15/1929
2018-02-10 23:45:04,400 [main] INFO  com.jivaUAT2.testcases.Flow1 - Member DOB on screen changed to File format 1929-12-15
2018-02-10 23:45:30,602 [main] INFO  com.framework.utils.WebElements - Alert Clicked
2018-02-10 23:46:01,754 [main] INFO  com.jivaUAT2.testcases.Flow1 - Verified creation of episode successfully
